# JRE version: Java(TM) SE Runtime Environment (8.0_111-b14) (build 1.8.0_111-b14)
# Java VM: Java HotSpot(TM) 64-Bit Server VM (25.111-b14 mixed mode windows-amd64 compressed oops)
Heap:
 PSYoungGen      total 144896K, used 71888K [0x00000000f5c00000, 0x00000000fff80000, 0x0000000100000000)
  eden space 121856K, 46% used [0x00000000f5c00000,0x00000000f92e9678,0x00000000fd300000)
  from space 23040K, 67% used [0x00000000fd300000,0x00000000fe24ab18,0x00000000fe980000)
  to   space 22528K, 0% used [0x00000000fe980000,0x00000000fe980000,0x00000000fff80000)
 ParOldGen       total 61440K, used 36509K [0x00000000e1400000, 0x00000000e5000000, 0x00000000f5c00000)
  object space 61440K, 59% used [0x00000000e1400000,0x00000000e37a77e0,0x00000000e5000000)
 Metaspace       used 70353K, capacity 71626K, committed 72064K, reserved 1114112K
  class space    used 7719K, capacity 8005K, committed 8064K, reserved 1048576K
GC Heap History (10 events):
Event: 1996.390 GC heap before
{Heap before GC invocations=55 (full 4):
 PSYoungGen      total 144384K, used 137533K [0x00000000f5c00000, 0x00000000fff80000, 0x0000000100000000)
  eden space 121344K, 100% used [0x00000000f5c00000,0x00000000fd280000,0x00000000fd280000)
  from space 23040K, 70% used [0x00000000fe900000,0x00000000ff8cf4d8,0x00000000fff80000)
  to   space 23040K, 0% used [0x00000000fd280000,0x00000000fd280000,0x00000000fe900000)
 ParOldGen       total 61440K, used 32334K [0x00000000e1400000, 0x00000000e5000000, 0x00000000f5c00000)
  object space 61440K, 52% used [0x00000000e1400000,0x00000000e33938d0,0x00000000e5000000)
 Metaspace       used 62262K, capacity 63276K, committed 66112K, reserved 1107968K
  class space    used 6733K, capacity 6981K, committed 7808K, reserved 1048576K
Event: 1996.493 GC heap after
Heap after GC invocations=55 (full 4):
 PSYoungGen      total 144384K, used 14259K [0x00000000f5c00000, 0x00000000fff00000, 0x0000000100000000)
  eden space 121344K, 0% used [0x00000000f5c00000,0x00000000f5c00000,0x00000000fd280000)
  from space 23040K, 61% used [0x00000000fd280000,0x00000000fe06cc50,0x00000000fe900000)
  to   space 22528K, 0% used [0x00000000fe900000,0x00000000fe900000,0x00000000fff00000)
 ParOldGen       total 61440K, used 32574K [0x00000000e1400000, 0x00000000e5000000, 0x00000000f5c00000)
  object space 61440K, 53% used [0x00000000e1400000,0x00000000e33cf900,0x00000000e5000000)
 Metaspace       used 62262K, capacity 63276K, committed 66112K, reserved 1107968K
  class space    used 6733K, capacity 6981K, committed 7808K, reserved 1048576K
}
Event: 1999.969 GC heap before
{Heap before GC invocations=56 (full 4):
 PSYoungGen      total 144384K, used 135603K [0x00000000f5c00000, 0x00000000fff00000, 0x0000000100000000)
  eden space 121344K, 100% used [0x00000000f5c00000,0x00000000fd280000,0x00000000fd280000)
  from space 23040K, 61% used [0x00000000fd280000,0x00000000fe06cc50,0x00000000fe900000)
  to   space 22528K, 0% used [0x00000000fe900000,0x00000000fe900000,0x00000000fff00000)
 ParOldGen       total 61440K, used 32574K [0x00000000e1400000, 0x00000000e5000000, 0x00000000f5c00000)
  object space 61440K, 53% used [0x00000000e1400000,0x00000000e33cf900,0x00000000e5000000)
 Metaspace       used 62269K, capacity 63344K, committed 66112K, reserved 1107968K
  class space    used 6734K, capacity 6981K, committed 7808K, reserved 1048576K
Event: 2000.031 GC heap after
Heap after GC invocations=56 (full 4):
 PSYoungGen      total 143872K, used 18205K [0x00000000f5c00000, 0x0000000100000000, 0x0000000100000000)
  eden space 121344K, 0% used [0x00000000f5c00000,0x00000000f5c00000,0x00000000fd280000)
  from space 22528K, 80% used [0x00000000fe900000,0x00000000ffac7490,0x00000000fff00000)
  to   space 23040K, 0% used [0x00000000fd280000,0x00000000fd280000,0x00000000fe900000)
 ParOldGen       total 61440K, used 34459K [0x00000000e1400000, 0x00000000e5000000, 0x00000000f5c00000)
  object space 61440K, 56% used [0x00000000e1400000,0x00000000e35a6c08,0x00000000e5000000)
 Metaspace       used 62269K, capacity 63344K, committed 66112K, reserved 1107968K
  class space    used 6734K, capacity 6981K, committed 7808K, reserved 1048576K
}
Event: 2069.429 GC heap before
{Heap before GC invocations=57 (full 4):
 PSYoungGen      total 143872K, used 139549K [0x00000000f5c00000, 0x0000000100000000, 0x0000000100000000)
  eden space 121344K, 100% used [0x00000000f5c00000,0x00000000fd280000,0x00000000fd280000)
  from space 22528K, 80% used [0x00000000fe900000,0x00000000ffac7490,0x00000000fff00000)
  to   space 23040K, 0% used [0x00000000fd280000,0x00000000fd280000,0x00000000fe900000)
 ParOldGen       total 61440K, used 34459K [0x00000000e1400000, 0x00000000e5000000, 0x00000000f5c00000)
  object space 61440K, 56% used [0x00000000e1400000,0x00000000e35a6c08,0x00000000e5000000)
 Metaspace       used 65136K, capacity 66226K, committed 66880K, reserved 1107968K
  class space    used 7130K, capacity 7407K, committed 7808K, reserved 1048576K
Event: 2069.478 GC heap after
Heap after GC invocations=57 (full 4):
 PSYoungGen      total 144384K, used 12356K [0x00000000f5c00000, 0x00000000fff80000, 0x0000000100000000)
  eden space 121344K, 0% used [0x00000000f5c00000,0x00000000f5c00000,0x00000000fd280000)
  from space 23040K, 53% used [0x00000000fd280000,0x00000000fde91270,0x00000000fe900000)
  to   space 22528K, 0% used [0x00000000fe980000,0x00000000fe980000,0x00000000fff80000)
 ParOldGen       total 61440K, used 34683K [0x00000000e1400000, 0x00000000e5000000, 0x00000000f5c00000)
  object space 61440K, 56% used [0x00000000e1400000,0x00000000e35dec18,0x00000000e5000000)
 Metaspace       used 65136K, capacity 66226K, committed 66880K, reserved 1107968K
  class space    used 7130K, capacity 7407K, committed 7808K, reserved 1048576K
}
Event: 2070.965 GC heap before
{Heap before GC invocations=58 (full 4):
 PSYoungGen      total 144384K, used 133700K [0x00000000f5c00000, 0x00000000fff80000, 0x0000000100000000)
  eden space 121344K, 100% used [0x00000000f5c00000,0x00000000fd280000,0x00000000fd280000)
  from space 23040K, 53% used [0x00000000fd280000,0x00000000fde91270,0x00000000fe900000)
  to   space 22528K, 0% used [0x00000000fe980000,0x00000000fe980000,0x00000000fff80000)
 ParOldGen       total 61440K, used 34683K [0x00000000e1400000, 0x00000000e5000000, 0x00000000f5c00000)
  object space 61440K, 56% used [0x00000000e1400000,0x00000000e35dec18,0x00000000e5000000)
 Metaspace       used 65153K, capacity 66304K, committed 66880K, reserved 1107968K
  class space    used 7133K, capacity 7409K, committed 7808K, reserved 1048576K
Event: 2070.998 GC heap after
Heap after GC invocations=58 (full 4):
 PSYoungGen      total 144384K, used 17410K [0x00000000f5c00000, 0x0000000100000000, 0x0000000100000000)
  eden space 121856K, 0% used [0x00000000f5c00000,0x00000000f5c00000,0x00000000fd300000)
  from space 22528K, 77% used [0x00000000fe980000,0x00000000ffa80970,0x00000000fff80000)
  to   space 23040K, 0% used [0x00000000fd300000,0x00000000fd300000,0x00000000fe980000)
 ParOldGen       total 61440K, used 36061K [0x00000000e1400000, 0x00000000e5000000, 0x00000000f5c00000)
  object space 61440K, 58% used [0x00000000e1400000,0x00000000e37377e0,0x00000000e5000000)
 Metaspace       used 65153K, capacity 66304K, committed 66880K, reserved 1107968K
  class space    used 7133K, capacity 7409K, committed 7808K, reserved 1048576K
}
Event: 2073.136 GC heap before
{Heap before GC invocations=59 (full 4):
 PSYoungGen      total 144384K, used 139266K [0x00000000f5c00000, 0x0000000100000000, 0x0000000100000000)
  eden space 121856K, 100% used [0x00000000f5c00000,0x00000000fd300000,0x00000000fd300000)
  from space 22528K, 77% used [0x00000000fe980000,0x00000000ffa80970,0x00000000fff80000)
  to   space 23040K, 0% used [0x00000000fd300000,0x00000000fd300000,0x00000000fe980000)
 ParOldGen       total 61440K, used 36061K [0x00000000e1400000, 0x00000000e5000000, 0x00000000f5c00000)
  object space 61440K, 58% used [0x00000000e1400000,0x00000000e37377e0,0x00000000e5000000)
 Metaspace       used 67108K, capacity 68208K, committed 68480K, reserved 1110016K
  class space    used 7413K, capacity 7703K, committed 7808K, reserved 1048576K
Event: 2073.173 GC heap after
Heap after GC invocations=59 (full 4):
 PSYoungGen      total 144896K, used 15658K [0x00000000f5c00000, 0x00000000fff80000, 0x0000000100000000)
  eden space 121856K, 0% used [0x00000000f5c00000,0x00000000f5c00000,0x00000000fd300000)
  from space 23040K, 67% used [0x00000000fd300000,0x00000000fe24ab18,0x00000000fe980000)
  to   space 22528K, 0% used [0x00000000fe980000,0x00000000fe980000,0x00000000fff80000)
 ParOldGen       total 61440K, used 36509K [0x00000000e1400000, 0x00000000e5000000, 0x00000000f5c00000)
  object space 61440K, 59% used [0x00000000e1400000,0x00000000e37a77e0,0x00000000e5000000)
 Metaspace       used 67108K, capacity 68208K, committed 68480K, reserved 1110016K
  class space    used 7413K, capacity 7703K, committed 7808K, reserved 1048576K
}

