# JRE version: Java(TM) SE Runtime Environment (8.0_31-b13) (build 1.8.0_31-b13)
# Java VM: Java HotSpot(TM) 64-Bit Server VM (25.31-b07 mixed mode windows-amd64 compressed oops)
Heap:
 PSYoungGen      total 38400K, used 6963K [0x00000000fab00000, 0x00000000fd580000, 0x0000000100000000)
  eden space 33280K, 5% used [0x00000000fab00000,0x00000000facd1eb8,0x00000000fcb80000)
  from space 5120K, 99% used [0x00000000fd080000,0x00000000fd57af90,0x00000000fd580000)
  to   space 5120K, 0% used [0x00000000fcb80000,0x00000000fcb80000,0x00000000fd080000)
 ParOldGen       total 87552K, used 9798K [0x00000000f0000000, 0x00000000f5580000, 0x00000000fab00000)
  object space 87552K, 11% used [0x00000000f0000000,0x00000000f0991838,0x00000000f5580000)
 Metaspace       used 14877K, capacity 15174K, committed 15488K, reserved 1062912K
  class space    used 1722K, capacity 1823K, committed 1920K, reserved 1048576K
GC Heap History (4 events):
Event: 93.220 GC heap before
{Heap before GC invocations=1 (full 0):
 PSYoungGen      total 38400K, used 33280K [0x00000000fab00000, 0x00000000fd580000, 0x0000000100000000)
  eden space 33280K, 100% used [0x00000000fab00000,0x00000000fcb80000,0x00000000fcb80000)
  from space 5120K, 0% used [0x00000000fd080000,0x00000000fd080000,0x00000000fd580000)
  to   space 5120K, 0% used [0x00000000fcb80000,0x00000000fcb80000,0x00000000fd080000)
 ParOldGen       total 87552K, used 0K [0x00000000f0000000, 0x00000000f5580000, 0x00000000fab00000)
  object space 87552K, 0% used [0x00000000f0000000,0x00000000f0000000,0x00000000f5580000)
 Metaspace       used 11840K, capacity 12034K, committed 12160K, reserved 1060864K
  class space    used 1357K, capacity 1397K, committed 1408K, reserved 1048576K
Event: 93.328 GC heap after
Heap after GC invocations=1 (full 0):
 PSYoungGen      total 38400K, used 5091K [0x00000000fab00000, 0x00000000fd580000, 0x0000000100000000)
  eden space 33280K, 0% used [0x00000000fab00000,0x00000000fab00000,0x00000000fcb80000)
  from space 5120K, 99% used [0x00000000fcb80000,0x00000000fd078d88,0x00000000fd080000)
  to   space 5120K, 0% used [0x00000000fd080000,0x00000000fd080000,0x00000000fd580000)
 ParOldGen       total 87552K, used 1865K [0x00000000f0000000, 0x00000000f5580000, 0x00000000fab00000)
  object space 87552K, 2% used [0x00000000f0000000,0x00000000f01d2750,0x00000000f5580000)
 Metaspace       used 11840K, capacity 12034K, committed 12160K, reserved 1060864K
  class space    used 1357K, capacity 1397K, committed 1408K, reserved 1048576K
}
Event: 106.914 GC heap before
{Heap before GC invocations=2 (full 0):
 PSYoungGen      total 38400K, used 38371K [0x00000000fab00000, 0x00000000fd580000, 0x0000000100000000)
  eden space 33280K, 100% used [0x00000000fab00000,0x00000000fcb80000,0x00000000fcb80000)
  from space 5120K, 99% used [0x00000000fcb80000,0x00000000fd078d88,0x00000000fd080000)
  to   space 5120K, 0% used [0x00000000fd080000,0x00000000fd080000,0x00000000fd580000)
 ParOldGen       total 87552K, used 1865K [0x00000000f0000000, 0x00000000f5580000, 0x00000000fab00000)
  object space 87552K, 2% used [0x00000000f0000000,0x00000000f01d2750,0x00000000f5580000)
 Metaspace       used 14795K, capacity 15046K, committed 15232K, reserved 1062912K
  class space    used 1717K, capacity 1823K, committed 1920K, reserved 1048576K
Event: 106.926 GC heap after
Heap after GC invocations=2 (full 0):
 PSYoungGen      total 38400K, used 5099K [0x00000000fab00000, 0x00000000fd580000, 0x0000000100000000)
  eden space 33280K, 0% used [0x00000000fab00000,0x00000000fab00000,0x00000000fcb80000)
  from space 5120K, 99% used [0x00000000fd080000,0x00000000fd57af90,0x00000000fd580000)
  to   space 5120K, 0% used [0x00000000fcb80000,0x00000000fcb80000,0x00000000fd080000)
 ParOldGen       total 87552K, used 9798K [0x00000000f0000000, 0x00000000f5580000, 0x00000000fab00000)
  object space 87552K, 11% used [0x00000000f0000000,0x00000000f0991838,0x00000000f5580000)
 Metaspace       used 14795K, capacity 15046K, committed 15232K, reserved 1062912K
  class space    used 1717K, capacity 1823K, committed 1920K, reserved 1048576K
}

