# JRE version: Java(TM) SE Runtime Environment (8.0_111-b14) (build 1.8.0_111-b14)
# Java VM: Java HotSpot(TM) 64-Bit Server VM (25.111-b14 mixed mode windows-amd64 compressed oops)
Heap:
 PSYoungGen      total 74240K, used 37672K [0x00000000fab00000, 0x0000000100000000, 0x0000000100000000)
  eden space 62464K, 52% used [0x00000000fab00000,0x00000000fcb14e90,0x00000000fe800000)
  from space 11776K, 40% used [0x00000000fe800000,0x00000000fecb5418,0x00000000ff380000)
  to   space 12288K, 0% used [0x00000000ff400000,0x00000000ff400000,0x0000000100000000)
 ParOldGen       total 87552K, used 63702K [0x00000000f0000000, 0x00000000f5580000, 0x00000000fab00000)
  object space 87552K, 72% used [0x00000000f0000000,0x00000000f3e359f8,0x00000000f5580000)
 Metaspace       used 77364K, capacity 79438K, committed 79832K, reserved 1120256K
  class space    used 8483K, capacity 8893K, committed 8960K, reserved 1048576K
GC Heap History (10 events):
Event: 7695.076 GC heap before
{Heap before GC invocations=92 (full 3):
 PSYoungGen      total 74752K, used 70397K [0x00000000fab00000, 0x0000000100000000, 0x0000000100000000)
  eden space 62464K, 99% used [0x00000000fab00000,0x00000000fe7fff10,0x00000000fe800000)
  from space 12288K, 64% used [0x00000000ff400000,0x00000000ffbbf5b8,0x0000000100000000)
  to   space 12288K, 0% used [0x00000000fe800000,0x00000000fe800000,0x00000000ff400000)
 ParOldGen       total 87552K, used 56883K [0x00000000f0000000, 0x00000000f5580000, 0x00000000fab00000)
  object space 87552K, 64% used [0x00000000f0000000,0x00000000f378cdf0,0x00000000f5580000)
 Metaspace       used 71426K, capacity 73028K, committed 73304K, reserved 1114112K
  class space    used 7847K, capacity 8232K, committed 8320K, reserved 1048576K
Event: 7695.093 GC heap after
Heap after GC invocations=92 (full 3):
 PSYoungGen      total 74752K, used 8944K [0x00000000fab00000, 0x0000000100000000, 0x0000000100000000)
  eden space 62464K, 0% used [0x00000000fab00000,0x00000000fab00000,0x00000000fe800000)
  from space 12288K, 72% used [0x00000000fe800000,0x00000000ff0bc0e0,0x00000000ff400000)
  to   space 12288K, 0% used [0x00000000ff400000,0x00000000ff400000,0x0000000100000000)
 ParOldGen       total 87552K, used 57832K [0x00000000f0000000, 0x00000000f5580000, 0x00000000fab00000)
  object space 87552K, 66% used [0x00000000f0000000,0x00000000f387a0f0,0x00000000f5580000)
 Metaspace       used 71426K, capacity 73028K, committed 73304K, reserved 1114112K
  class space    used 7847K, capacity 8232K, committed 8320K, reserved 1048576K
}
Event: 7695.755 GC heap before
{Heap before GC invocations=93 (full 3):
 PSYoungGen      total 74752K, used 71408K [0x00000000fab00000, 0x0000000100000000, 0x0000000100000000)
  eden space 62464K, 100% used [0x00000000fab00000,0x00000000fe800000,0x00000000fe800000)
  from space 12288K, 72% used [0x00000000fe800000,0x00000000ff0bc0e0,0x00000000ff400000)
  to   space 12288K, 0% used [0x00000000ff400000,0x00000000ff400000,0x0000000100000000)
 ParOldGen       total 87552K, used 57832K [0x00000000f0000000, 0x00000000f5580000, 0x00000000fab00000)
  object space 87552K, 66% used [0x00000000f0000000,0x00000000f387a0f0,0x00000000f5580000)
 Metaspace       used 71426K, capacity 73028K, committed 73304K, reserved 1114112K
  class space    used 7847K, capacity 8232K, committed 8320K, reserved 1048576K
Event: 7695.773 GC heap after
Heap after GC invocations=93 (full 3):
 PSYoungGen      total 74752K, used 10375K [0x00000000fab00000, 0x0000000100000000, 0x0000000100000000)
  eden space 62464K, 0% used [0x00000000fab00000,0x00000000fab00000,0x00000000fe800000)
  from space 12288K, 84% used [0x00000000ff400000,0x00000000ffe21f78,0x0000000100000000)
  to   space 12288K, 0% used [0x00000000fe800000,0x00000000fe800000,0x00000000ff400000)
 ParOldGen       total 87552K, used 58592K [0x00000000f0000000, 0x00000000f5580000, 0x00000000fab00000)
  object space 87552K, 66% used [0x00000000f0000000,0x00000000f39380f0,0x00000000f5580000)
 Metaspace       used 71426K, capacity 73028K, committed 73304K, reserved 1114112K
  class space    used 7847K, capacity 8232K, committed 8320K, reserved 1048576K
}
Event: 7696.494 GC heap before
{Heap before GC invocations=94 (full 3):
 PSYoungGen      total 74752K, used 72839K [0x00000000fab00000, 0x0000000100000000, 0x0000000100000000)
  eden space 62464K, 100% used [0x00000000fab00000,0x00000000fe800000,0x00000000fe800000)
  from space 12288K, 84% used [0x00000000ff400000,0x00000000ffe21f78,0x0000000100000000)
  to   space 12288K, 0% used [0x00000000fe800000,0x00000000fe800000,0x00000000ff400000)
 ParOldGen       total 87552K, used 58592K [0x00000000f0000000, 0x00000000f5580000, 0x00000000fab00000)
  object space 87552K, 66% used [0x00000000f0000000,0x00000000f39380f0,0x00000000f5580000)
 Metaspace       used 71612K, capacity 73192K, committed 73560K, reserved 1114112K
  class space    used 7878K, capacity 8268K, committed 8320K, reserved 1048576K
Event: 7696.512 GC heap after
Heap after GC invocations=94 (full 3):
 PSYoungGen      total 74752K, used 7945K [0x00000000fab00000, 0x0000000100000000, 0x0000000100000000)
  eden space 62464K, 0% used [0x00000000fab00000,0x00000000fab00000,0x00000000fe800000)
  from space 12288K, 64% used [0x00000000fe800000,0x00000000fefc2640,0x00000000ff400000)
  to   space 12288K, 0% used [0x00000000ff400000,0x00000000ff400000,0x0000000100000000)
 ParOldGen       total 87552K, used 58912K [0x00000000f0000000, 0x00000000f5580000, 0x00000000fab00000)
  object space 87552K, 67% used [0x00000000f0000000,0x00000000f3988100,0x00000000f5580000)
 Metaspace       used 71612K, capacity 73192K, committed 73560K, reserved 1114112K
  class space    used 7878K, capacity 8268K, committed 8320K, reserved 1048576K
}
Event: 7757.000 GC heap before
{Heap before GC invocations=95 (full 3):
 PSYoungGen      total 74752K, used 70409K [0x00000000fab00000, 0x0000000100000000, 0x0000000100000000)
  eden space 62464K, 100% used [0x00000000fab00000,0x00000000fe800000,0x00000000fe800000)
  from space 12288K, 64% used [0x00000000fe800000,0x00000000fefc2640,0x00000000ff400000)
  to   space 12288K, 0% used [0x00000000ff400000,0x00000000ff400000,0x0000000100000000)
 ParOldGen       total 87552K, used 58912K [0x00000000f0000000, 0x00000000f5580000, 0x00000000fab00000)
  object space 87552K, 67% used [0x00000000f0000000,0x00000000f3988100,0x00000000f5580000)
 Metaspace       used 76628K, capacity 78410K, committed 78808K, reserved 1120256K
  class space    used 8452K, capacity 8865K, committed 8960K, reserved 1048576K
Event: 7757.068 GC heap after
Heap after GC invocations=95 (full 3):
 PSYoungGen      total 73728K, used 7895K [0x00000000fab00000, 0x00000000fff00000, 0x0000000100000000)
  eden space 62464K, 0% used [0x00000000fab00000,0x00000000fab00000,0x00000000fe800000)
  from space 11264K, 70% used [0x00000000ff400000,0x00000000ffbb5dc0,0x00000000fff00000)
  to   space 11776K, 0% used [0x00000000fe800000,0x00000000fe800000,0x00000000ff380000)
 ParOldGen       total 87552K, used 59821K [0x00000000f0000000, 0x00000000f5580000, 0x00000000fab00000)
  object space 87552K, 68% used [0x00000000f0000000,0x00000000f3a6b5b0,0x00000000f5580000)
 Metaspace       used 76628K, capacity 78410K, committed 78808K, reserved 1120256K
  class space    used 8452K, capacity 8865K, committed 8960K, reserved 1048576K
}
Event: 8643.082 GC heap before
{Heap before GC invocations=96 (full 3):
 PSYoungGen      total 73728K, used 70359K [0x00000000fab00000, 0x00000000fff00000, 0x0000000100000000)
  eden space 62464K, 100% used [0x00000000fab00000,0x00000000fe800000,0x00000000fe800000)
  from space 11264K, 70% used [0x00000000ff400000,0x00000000ffbb5dc0,0x00000000fff00000)
  to   space 11776K, 0% used [0x00000000fe800000,0x00000000fe800000,0x00000000ff380000)
 ParOldGen       total 87552K, used 59821K [0x00000000f0000000, 0x00000000f5580000, 0x00000000fab00000)
  object space 87552K, 68% used [0x00000000f0000000,0x00000000f3a6b5b0,0x00000000f5580000)
 Metaspace       used 77251K, capacity 79354K, committed 79576K, reserved 1120256K
  class space    used 8480K, capacity 8889K, committed 8960K, reserved 1048576K
Event: 8643.193 GC heap after
Heap after GC invocations=96 (full 3):
 PSYoungGen      total 74240K, used 4821K [0x00000000fab00000, 0x0000000100000000, 0x0000000100000000)
  eden space 62464K, 0% used [0x00000000fab00000,0x00000000fab00000,0x00000000fe800000)
  from space 11776K, 40% used [0x00000000fe800000,0x00000000fecb5418,0x00000000ff380000)
  to   space 12288K, 0% used [0x00000000ff400000,0x00000000ff400000,0x0000000100000000)
 ParOldGen       total 87552K, used 63702K [0x00000000f0000000, 0x00000000f5580000, 0x00000000fab00000)
  object space 87552K, 72% used [0x00000000f0000000,0x00000000f3e359f8,0x00000000f5580000)
 Metaspace       used 77251K, capacity 79354K, committed 79576K, reserved 1120256K
  class space    used 8480K, capacity 8889K, committed 8960K, reserved 1048576K
}

